<?xml version="1.0" encoding="UTF-8"?>
<!-- Generated by org.testng.reporters.JUnitReportReporter -->
<testsuite hostname="LAPTOP-B9SJ9U2M" failures="0" tests="4" name="InventoraTest" time="3.823" errors="0" timestamp="2026-03-04T21:10:01 IST" skipped="0">
  <testcase classname="InventoraTest" name="testBackendHealthCheck" time="0.032"/>
  <testcase classname="InventoraTest" name="testLoginAPIInvalidCredentials" time="0.077"/>
  <testcase classname="InventoraTest" name="testLoginPageTitle" time="3.075"/>
  <testcase classname="InventoraTest" name="testDashboardRedirectsWithoutAuth" time="0.639"/>
</testsuite> <!-- InventoraTest -->
