<?xml version="1.0" encoding="UTF-8"?>
<testng-results ignored="0" total="4" passed="4" failed="0" skipped="0">
  <reporter-output>
  </reporter-output>
  <suite started-at="2026-03-04T21:09:49 IST" name="Surefire suite" finished-at="2026-03-04T21:10:01 IST" duration-ms="12318">
    <groups>
    </groups>
    <test started-at="2026-03-04T21:09:49 IST" name="Surefire test" finished-at="2026-03-04T21:10:01 IST" duration-ms="12318">
      <class name="InventoraTest">
        <test-method is-config="true" signature="setup()[pri:0, instance:InventoraTest@78aab498]" started-at="2026-03-04T21:09:49 IST" name="setup" finished-at="2026-03-04T21:09:57 IST" duration-ms="7862" status="PASS">
          <reporter-output>
          </reporter-output>
        </test-method> <!-- setup -->
        <test-method signature="testBackendHealthCheck()[pri:1, instance:InventoraTest@78aab498]" started-at="2026-03-04T21:09:57 IST" name="testBackendHealthCheck" finished-at="2026-03-04T21:09:57 IST" duration-ms="32" status="PASS">
          <reporter-output>
          </reporter-output>
        </test-method> <!-- testBackendHealthCheck -->
        <test-method signature="testLoginAPIInvalidCredentials()[pri:2, instance:InventoraTest@78aab498]" started-at="2026-03-04T21:09:57 IST" name="testLoginAPIInvalidCredentials" finished-at="2026-03-04T21:09:57 IST" duration-ms="77" status="PASS">
          <reporter-output>
          </reporter-output>
        </test-method> <!-- testLoginAPIInvalidCredentials -->
        <test-method signature="testLoginPageTitle()[pri:3, instance:InventoraTest@78aab498]" started-at="2026-03-04T21:09:57 IST" name="testLoginPageTitle" finished-at="2026-03-04T21:10:00 IST" duration-ms="3075" status="PASS">
          <reporter-output>
          </reporter-output>
        </test-method> <!-- testLoginPageTitle -->
        <test-method signature="testDashboardRedirectsWithoutAuth()[pri:4, instance:InventoraTest@78aab498]" started-at="2026-03-04T21:10:00 IST" name="testDashboardRedirectsWithoutAuth" finished-at="2026-03-04T21:10:00 IST" duration-ms="639" status="PASS">
          <reporter-output>
          </reporter-output>
        </test-method> <!-- testDashboardRedirectsWithoutAuth -->
        <test-method is-config="true" signature="tearDown()[pri:0, instance:InventoraTest@78aab498]" started-at="2026-03-04T21:10:00 IST" name="tearDown" finished-at="2026-03-04T21:10:01 IST" duration-ms="546" status="PASS">
          <reporter-output>
          </reporter-output>
        </test-method> <!-- tearDown -->
      </class> <!-- InventoraTest -->
    </test> <!-- Surefire test -->
  </suite> <!-- Surefire suite -->
</testng-results>
